<?xml version="1.0" encoding="UTF-8"?>
<!-- Generated by org.testng.reporters.JUnitReportReporter -->
<testsuite hostname="Praveens-MacBook-Air.local" failures="0" tests="1" name="com.brigelabz.RestAPI.Serilization" time="6.190" errors="0" timestamp="2022-07-29T14:57:52 IST" skipped="0">
  <testcase classname="com.brigelabz.RestAPI.Serilization" name="seriliza" time="6.190"/>
  <system-out/>
</testsuite> <!-- com.brigelabz.RestAPI.Serilization -->
