<?xml version="1.0" encoding="UTF-8"?>
<!-- Generated by org.testng.reporters.JUnitReportReporter -->
<testsuite hostname="Praveens-MacBook-Air.local" failures="0" tests="1" name="com.brigelabz.RestAPI.Deserilization" time="5.326" errors="0" timestamp="2022-07-29T15:19:07 IST" skipped="0">
  <testcase classname="com.brigelabz.RestAPI.Deserilization" name="deserilization" time="5.326"/>
  <system-out/>
</testsuite> <!-- com.brigelabz.RestAPI.Deserilization -->
