<?xml version="1.0" encoding="UTF-8"?>
<!-- Generated by org.testng.reporters.JUnitReportReporter -->
<testsuite hostname="Praveens-MacBook-Air.local" failures="0" tests="3" name="com.brigelabz.SpotifyAPI.AppTest" time="7.632" errors="0" timestamp="2022-07-27T14:23:37 IST" skipped="0">
  <testcase classname="com.brigelabz.SpotifyAPI.AppTest" name="getUserProfile" time="6.805"/>
  <system-out/>
  <testcase classname="com.brigelabz.SpotifyAPI.AppTest" name="getUserProfileWithID" time="0.382"/>
  <system-out/>
  <testcase classname="com.brigelabz.SpotifyAPI.AppTest" name="GetCurrentUserPlaylists" time="0.445"/>
  <system-out/>
</testsuite> <!-- com.brigelabz.SpotifyAPI.AppTest -->
