<?xml version="1.0" encoding="UTF-8"?>
<!-- Generated by org.testng.reporters.JUnitReportReporter -->
<testsuite skipped="1" hostname="Praveens-MacBook-Air.local" name="Test.LoginTest" tests="3" failures="0" timestamp="2022-09-27T13:31:28 IST" time="0.023" errors="0">
  <testcase name="test" time="0.015" classname="Test.LoginTest"/>
  <system-out>
    <![CDATA[test]]>
  </system-out>
  <testcase name="test2" time="0.008" classname="Test.LoginTest"/>
  <system-out>
    <![CDATA[test2]]>
  </system-out>
  <testcase name="test3" classname="Test.LoginTest">
    <skipped/>
  </testcase> <!-- test3 -->
  <system-out/>
</testsuite> <!-- Test.LoginTest -->
