<?xml version="1.0" encoding="UTF-8"?>
<!-- Generated by org.testng.reporters.JUnitReportReporter -->
<testsuite skipped="0" hostname="Praveens-MacBook-Air.local" name="Test.LoginFromChrome" tests="1" failures="0" timestamp="2022-09-22T08:15:12 IST" time="3.742" errors="0">
  <testcase name="chromeLogin" time="3.742" classname="Test.LoginFromChrome"/>
  <system-out/>
</testsuite> <!-- Test.LoginFromChrome -->
